Flow report for pipeline
Fri Sep 28 11:01:10 2018
Quartus Prime Version 18.0.0 Build 614 04/24/2018 SJ Lite Edition


---------------------
; Table of Contents ;
---------------------
  1. Legal Notice
  2. Flow Summary
  3. Flow Settings
  4. Flow Non-Default Global Settings
  5. Flow Elapsed Time
  6. Flow OS Summary
  7. Flow Log
  8. Flow Messages
  9. Flow Suppressed Messages



----------------
; Legal Notice ;
----------------
Copyright (C) 2018  Intel Corporation. All rights reserved.
Your use of Intel Corporation's design tools, logic functions 
and other software and tools, and its AMPP partner logic 
functions, and any output files from any of the foregoing 
(including device programming or simulation files), and any 
associated documentation or information are expressly subject 
to the terms and conditions of the Intel Program License 
Subscription Agreement, the Intel Quartus Prime License Agreement,
the Intel FPGA IP License Agreement, or other applicable license
agreement, including, without limitation, that your use is for
the sole purpose of programming logic devices manufactured by
Intel and sold by Intel or its authorized distributors.  Please
refer to the applicable agreement for further details.



+----------------------------------------------------------------------------------+
; Flow Summary                                                                     ;
+------------------------------------+---------------------------------------------+
; Flow Status                        ; Successful - Fri Sep 28 11:01:04 2018       ;
; Quartus Prime Version              ; 18.0.0 Build 614 04/24/2018 SJ Lite Edition ;
; Revision Name                      ; pipeline                                    ;
; Top-level Entity Name              ; arm                                         ;
; Family                             ; Cyclone IV GX                               ;
; Total logic elements               ; 0 / 29,440 ( 0 % )                          ;
;     Total combinational functions  ; 0 / 29,440 ( 0 % )                          ;
;     Dedicated logic registers      ; 0 / 29,440 ( 0 % )                          ;
; Total registers                    ; 0                                           ;
; Total pins                         ; 131 / 307 ( 43 % )                          ;
; Total virtual pins                 ; 0                                           ;
; Total memory bits                  ; 0 / 1,105,920 ( 0 % )                       ;
; Embedded Multiplier 9-bit elements ; 0 / 160 ( 0 % )                             ;
; Total GXB Receiver Channel PCS     ; 0 / 4 ( 0 % )                               ;
; Total GXB Receiver Channel PMA     ; 0 / 4 ( 0 % )                               ;
; Total GXB Transmitter Channel PCS  ; 0 / 4 ( 0 % )                               ;
; Total GXB Transmitter Channel PMA  ; 0 / 4 ( 0 % )                               ;
; Total PLLs                         ; 0 / 6 ( 0 % )                               ;
; Device                             ; EP4CGX30CF23C6                              ;
; Timing Models                      ; Final                                       ;
+------------------------------------+---------------------------------------------+


+-----------------------------------------+
; Flow Settings                           ;
+-------------------+---------------------+
; Option            ; Setting             ;
+-------------------+---------------------+
; Start date & time ; 09/28/2018 11:00:12 ;
; Main task         ; Compilation         ;
; Revision Name     ; pipeline            ;
+-------------------+---------------------+


+-------------------------------------------------------------------------------------------------------------------------+
; Flow Non-Default Global Settings                                                                                        ;
+-------------------------------------+----------------------------------------+---------------+-------------+------------+
; Assignment Name                     ; Value                                  ; Default Value ; Entity Name ; Section Id ;
+-------------------------------------+----------------------------------------+---------------+-------------+------------+
; COMPILER_SIGNATURE_ID               ; 115410743608714.153815401103804        ; --            ; --          ; --         ;
; PARTITION_COLOR                     ; -- (Not supported for targeted family) ; --            ; arm         ; Top        ;
; PARTITION_FITTER_PRESERVATION_LEVEL ; -- (Not supported for targeted family) ; --            ; arm         ; Top        ;
; PARTITION_NETLIST_TYPE              ; -- (Not supported for targeted family) ; --            ; arm         ; Top        ;
; PROJECT_OUTPUT_DIRECTORY            ; output_files                           ; --            ; --          ; --         ;
; TOP_LEVEL_ENTITY                    ; arm                                    ; pipeline      ; --          ; --         ;
+-------------------------------------+----------------------------------------+---------------+-------------+------------+


+--------------------------------------------------------------------------------------------------------------------------+
; Flow Elapsed Time                                                                                                        ;
+----------------------+--------------+-------------------------+---------------------+------------------------------------+
; Module Name          ; Elapsed Time ; Average Processors Used ; Peak Virtual Memory ; Total CPU Time (on all processors) ;
+----------------------+--------------+-------------------------+---------------------+------------------------------------+
; Analysis & Synthesis ; 00:00:20     ; 1.0                     ; 4814 MB             ; 00:00:37                           ;
; Fitter               ; 00:00:24     ; 1.0                     ; 5430 MB             ; 00:00:16                           ;
; Assembler            ; 00:00:05     ; 1.0                     ; 4769 MB             ; 00:00:03                           ;
; Timing Analyzer      ; 00:00:05     ; 1.0                     ; 4798 MB             ; 00:00:04                           ;
; Total                ; 00:00:54     ; --                      ; --                  ; 00:01:00                           ;
+----------------------+--------------+-------------------------+---------------------+------------------------------------+


+------------------------------------------------------------------------------------+
; Flow OS Summary                                                                    ;
+----------------------+------------------+------------+------------+----------------+
; Module Name          ; Machine Hostname ; OS Name    ; OS Version ; Processor type ;
+----------------------+------------------+------------+------------+----------------+
; Analysis & Synthesis ; DESKTOP-059I8H7  ; Windows 10 ; 10.0       ; x86_64         ;
; Fitter               ; DESKTOP-059I8H7  ; Windows 10 ; 10.0       ; x86_64         ;
; Assembler            ; DESKTOP-059I8H7  ; Windows 10 ; 10.0       ; x86_64         ;
; Timing Analyzer      ; DESKTOP-059I8H7  ; Windows 10 ; 10.0       ; x86_64         ;
+----------------------+------------------+------------+------------+----------------+


------------
; Flow Log ;
------------
quartus_map --read_settings_files=on --write_settings_files=off pipeline -c pipeline
quartus_fit --read_settings_files=off --write_settings_files=off pipeline -c pipeline
quartus_asm --read_settings_files=off --write_settings_files=off pipeline -c pipeline
quartus_sta pipeline -c pipeline



